COSC425_426/Temp_App/app/build/intermediates/manifest_merge_blame_file/debug/manifest-merger-blame-debug-report.txt
1<?xml version="1.0" encoding="utf-8"?>
2<manifest xmlns:android="http://schemas.android.com/apk/res/android"
3    package="thelibrarians2.sulibraryapp"
4    android:versionCode="4"
5    android:versionName="1.2" >
6
7    <uses-sdk
8        android:minSdkVersion="23"
8-->src/main/AndroidManifest.xml
9        android:targetSdkVersion="29" />
9-->src/main/AndroidManifest.xml
10
11    <uses-permission android:name="android.permission.INTERNET" />
11-->src/main/AndroidManifest.xml:5:5-67
11-->src/main/AndroidManifest.xml:5:22-64
12    <uses-permission android:name="android.permission.ACCESS_NETWORK_STATE" />
12-->src/main/AndroidManifest.xml:6:5-79
12-->src/main/AndroidManifest.xml:6:22-76
13    <uses-permission android:name="android.permission.BLUETOOTH" />
13-->src/main/AndroidManifest.xml:7:5-68
13-->src/main/AndroidManifest.xml:7:22-65
14    <!-- enables proper camera permissions for reading barcode -->
15    <uses-permission android:name="android.permission.CAMERA" />
15-->src/main/AndroidManifest.xml:9:5-65
15-->src/main/AndroidManifest.xml:9:22-62
16
17    <uses-feature android:name="android.hardware.camera" />
17-->src/main/AndroidManifest.xml:11:5-60
17-->src/main/AndroidManifest.xml:11:19-57
18    <uses-feature android:name="android.hardware.camera.autofocus" />
18-->src/main/AndroidManifest.xml:12:5-70
18-->src/main/AndroidManifest.xml:12:19-67
19
20    <application
20-->src/main/AndroidManifest.xml:14:5-44:19
21        android:allowBackup="true"
21-->src/main/AndroidManifest.xml:16:9-35
22        android:appComponentFactory="androidx.core.app.CoreComponentFactory"
22-->[androidx.core:core:1.1.0] AndroidManifest.xml:24:18-86
23        android:debuggable="true"
24        android:icon="@mipmap/ic_launcher"
24-->src/main/AndroidManifest.xml:17:9-43
25        android:label="@string/app_name"
25-->src/main/AndroidManifest.xml:18:9-41
26        android:supportsRtl="true"
26-->src/main/AndroidManifest.xml:19:9-35
27        android:testOnly="true"
28        android:theme="@style/AppTheme"
28-->src/main/AndroidManifest.xml:20:9-40
29        android:usesCleartextTraffic="true" >
29-->src/main/AndroidManifest.xml:15:9-44
30        <activity
30-->src/main/AndroidManifest.xml:21:9-35:20
31            android:name="thelibrarians2.sulibraryapp.MainActivity"
31-->src/main/AndroidManifest.xml:22:13-68
32            android:launchMode="singleTop"
32-->src/main/AndroidManifest.xml:23:13-43
33            android:screenOrientation="portrait" >
33-->src/main/AndroidManifest.xml:24:13-49
34            <intent-filter>
34-->src/main/AndroidManifest.xml:25:13-30:29
35                <action android:name="android.intent.action.MAIN" />
35-->src/main/AndroidManifest.xml:26:17-69
35-->src/main/AndroidManifest.xml:26:25-66
36                <action android:name="android.intent.action.SEARCH" />
36-->src/main/AndroidManifest.xml:27:17-71
36-->src/main/AndroidManifest.xml:27:25-68
37
38                <category android:name="android.intent.category.LAUNCHER" />
38-->src/main/AndroidManifest.xml:29:17-77
38-->src/main/AndroidManifest.xml:29:27-74
39            </intent-filter>
40
41            <meta-data
41-->src/main/AndroidManifest.xml:32:13-34:57
42                android:name="android.app.searchable"
42-->src/main/AndroidManifest.xml:33:17-54
43                android:resource="@layout/searchable" />
43-->src/main/AndroidManifest.xml:34:17-54
44        </activity>
45
46        <service
46-->src/main/AndroidManifest.xml:37:9-39:40
47            android:name="thelibrarians2.sulibraryapp.JSONPullingService"
47-->src/main/AndroidManifest.xml:38:13-47
48            android:exported="false" />
48-->src/main/AndroidManifest.xml:39:13-37
49        <!--
50 ATTENTION: This was auto-generated to add Google Play services to your project for
51     App Indexing.  See https://g.co/AppIndexing/AndroidStudio for more information.
52        -->
53        <meta-data
53-->src/main/AndroidManifest.xml:41:9-43:69
54            android:name="com.google.android.gms.version"
54-->src/main/AndroidManifest.xml:42:13-58
55            android:value="@integer/google_play_services_version" />
55-->src/main/AndroidManifest.xml:43:13-66
56
57        <activity
57-->[com.google.android.gms:play-services-base:17.1.0] AndroidManifest.xml:23:9-26:75
58            android:name="com.google.android.gms.common.api.GoogleApiActivity"
58-->[com.google.android.gms:play-services-base:17.1.0] AndroidManifest.xml:24:13-79
59            android:exported="false"
59-->[com.google.android.gms:play-services-base:17.1.0] AndroidManifest.xml:25:13-37
60            android:theme="@android:style/Theme.Translucent.NoTitleBar" />
60-->[com.google.android.gms:play-services-base:17.1.0] AndroidManifest.xml:26:13-72
61
62        <provider
62-->[com.google.firebase:firebase-common:19.3.0] AndroidManifest.xml:26:9-30:39
63            android:name="com.google.firebase.provider.FirebaseInitProvider"
63-->[com.google.firebase:firebase-common:19.3.0] AndroidManifest.xml:27:13-77
64            android:authorities="thelibrarians2.sulibraryapp.firebaseinitprovider"
64-->[com.google.firebase:firebase-common:19.3.0] AndroidManifest.xml:28:13-72
65            android:exported="false"
65-->[com.google.firebase:firebase-common:19.3.0] AndroidManifest.xml:29:13-37
66            android:initOrder="100" />
66-->[com.google.firebase:firebase-common:19.3.0] AndroidManifest.xml:30:13-36
67
68        <service
68-->[com.google.firebase:firebase-common:19.3.0] AndroidManifest.xml:32:9-36:35
69            android:name="com.google.firebase.components.ComponentDiscoveryService"
69-->[com.google.firebase:firebase-common:19.3.0] AndroidManifest.xml:33:13-84
70            android:directBootAware="true"
70-->[com.google.firebase:firebase-common:19.3.0] AndroidManifest.xml:34:13-43
71            android:exported="false" />
71-->[com.google.firebase:firebase-common:19.3.0] AndroidManifest.xml:35:13-37
72    </application>
73
74</manifest>